<?xml version="1.0" encoding="UTF-8"?>
<TestRun id="bc55d024-cfca-45ab-99fc-bc8ae534e47f" name="zach@ZACHGIROD8334 2013-03-06 14:49:56" runUser="ZACHGIROD8334\zach" xmlns="http://microsoft.com/schemas/VisualStudio/TeamTest/2010">
  <TestSettings name="Local" id="8f81bd0b-7145-4612-b833-92a7395bbdda">
    <Description>These are default test settings for a local test run.</Description>
    <Deployment userDeploymentRoot="C:\Code\EquationParser\TestResults" useDefaultDeploymentRoot="false" enabled="false" runDeploymentRoot="zach_ZACHGIROD8334 2013-03-06 14_49_56">
      <DeploymentItem filename="C:\Code\EquationParser\EquationParser\bin\Debug\EquationParser.dll" />
    </Deployment>
    <Execution>
      <TestTypeSpecific />
      <AgentRule name="Execution Agents">
      </AgentRule>
    </Execution>
  </TestSettings>
  <Times creation="2013-03-06T14:49:56.8857422-05:00" queuing="2013-03-06T14:49:56.9667969-05:00" start="2013-03-06T14:49:57.1386719-05:00" finish="2013-03-06T14:49:57.6542969-05:00" />
  <ResultSummary outcome="Failed">
    <Counters total="1" executed="1" error="0" failed="1" timeout="0" aborted="0" inconclusive="0" passedButRunAborted="0" notRunnable="0" notExecuted="0" disconnected="0" warning="0" passed="0" completed="0" inProgress="0" pending="0" />
  </ResultSummary>
  <TestDefinitions>
    <UnitTest name="ParserTest" storage="c:\code\equationparser\equationparser.tests\bin\debug\equationparser.tests.dll" id="276b65ff-5570-d427-899e-bc7f1cf4ae72">
      <Execution id="cd57563d-fa35-4f00-ac34-9e1e9a407bb1" />
      <TestMethod codeBase="C:/Code/EquationParser/EquationParser.Tests/bin/Debug/EquationParser.Tests.DLL" adapterTypeName="Microsoft.VisualStudio.TestTools.TestTypes.Unit.UnitTestAdapter, Microsoft.VisualStudio.QualityTools.Tips.UnitTest.Adapter, Version=10.0.0.0, Culture=neutral, PublicKeyToken=b03f5f7f11d50a3a" className="EquationParser.Tests.ParserTests, EquationParser.Tests, Version=1.0.0.0, Culture=neutral, PublicKeyToken=null" name="ParserTest" />
    </UnitTest>
  </TestDefinitions>
  <TestLists>
    <TestList name="Results Not in a List" id="8c84fa94-04c1-424b-9868-57a2d4851a1d" />
    <TestList name="All Loaded Results" id="19431567-8539-422a-85d7-44ee4e166bda" />
  </TestLists>
  <TestEntries>
    <TestEntry testId="276b65ff-5570-d427-899e-bc7f1cf4ae72" executionId="cd57563d-fa35-4f00-ac34-9e1e9a407bb1" testListId="8c84fa94-04c1-424b-9868-57a2d4851a1d" />
  </TestEntries>
  <Results>
    <UnitTestResult executionId="cd57563d-fa35-4f00-ac34-9e1e9a407bb1" testId="276b65ff-5570-d427-899e-bc7f1cf4ae72" testName="ParserTest" computerName="ZACHGIROD8334" duration="00:00:00.0591618" startTime="2013-03-06T14:49:57.3574219-05:00" endTime="2013-03-06T14:49:57.5449219-05:00" testType="13cdc9d9-ddb5-4fa4-a97d-d965ccfc6d4b" outcome="Failed" testListId="8c84fa94-04c1-424b-9868-57a2d4851a1d" relativeResultsDirectory="cd57563d-fa35-4f00-ac34-9e1e9a407bb1">
      <Output>
        <ErrorInfo>
          <Message>Test method EquationParser.Tests.ParserTests.ParserTest threw exception: 
System.Exception: Exception of type 'System.Exception' was thrown.</Message>
          <StackTrace>    at EquationParser.Parser.GetNumber(Int32 index, Boolean left, String equation) in C:\Code\EquationParser\EquationParser\Parser.cs:line 174
   at EquationParser.Parser.ProcessOperators(List`1 operators, String equation) in C:\Code\EquationParser\EquationParser\Parser.cs:line 93
   at EquationParser.Parser.ParseEquation(String equation) in C:\Code\EquationParser\EquationParser\Parser.cs:line 32
   at EquationParser.Tests.ParserTests.ParserTest() in C:\Code\EquationParser\EquationParser.Tests\ParserTests.cs:line 32
</StackTrace>
        </ErrorInfo>
      </Output>
    </UnitTestResult>
  </Results>
</TestRun>