<?xml version="1.0" encoding="UTF-8"?>
<TestRun id="4498f90b-f311-423b-a113-9b0ae6970ac6" name="zach@ZACHGIROD8334 2013-03-06 14:19:04" runUser="ZACHGIROD8334\zach" xmlns="http://microsoft.com/schemas/VisualStudio/TeamTest/2010">
  <TestSettings name="Local" id="8f81bd0b-7145-4612-b833-92a7395bbdda">
    <Description>These are default test settings for a local test run.</Description>
    <Deployment userDeploymentRoot="C:\Code\EquationParser\TestResults" useDefaultDeploymentRoot="false" enabled="false" runDeploymentRoot="zach_ZACHGIROD8334 2013-03-06 14_19_04">
      <DeploymentItem filename="C:\Code\EquationParser\EquationParser\bin\Debug\EquationParser.dll" />
    </Deployment>
    <Execution>
      <TestTypeSpecific />
      <AgentRule name="Execution Agents">
      </AgentRule>
    </Execution>
  </TestSettings>
  <Times creation="2013-03-06T14:19:04.7597657-05:00" queuing="2013-03-06T14:19:05.6728516-05:00" start="2013-03-06T14:19:05.8134766-05:00" finish="2013-03-06T14:20:25.4052735-05:00" />
  <ResultSummary outcome="Error">
    <Counters total="1" executed="1" error="0" failed="0" timeout="0" aborted="1" inconclusive="0" passedButRunAborted="0" notRunnable="0" notExecuted="0" disconnected="0" warning="0" passed="0" completed="0" inProgress="0" pending="0" />
    <RunInfos>
      <RunInfo computerName="ZACHGIROD8334" outcome="Error" timestamp="2013-03-06T14:20:25.4052735-05:00">
        <Text>Test host process exited unexpectedly.</Text>
      </RunInfo>
    </RunInfos>
  </ResultSummary>
  <TestDefinitions>
    <UnitTest name="ParserTest" storage="c:\code\equationparser\equationparser.tests\bin\debug\equationparser.tests.dll" id="276b65ff-5570-d427-899e-bc7f1cf4ae72">
      <Execution id="01393867-47a5-404b-a52b-bf4c1d84c77f" />
      <TestMethod codeBase="C:/Code/EquationParser/EquationParser.Tests/bin/Debug/EquationParser.Tests.DLL" adapterTypeName="Microsoft.VisualStudio.TestTools.TestTypes.Unit.UnitTestAdapter, Microsoft.VisualStudio.QualityTools.Tips.UnitTest.Adapter, Version=10.0.0.0, Culture=neutral, PublicKeyToken=b03f5f7f11d50a3a" className="EquationParser.Tests.ParserTests, EquationParser.Tests, Version=1.0.0.0, Culture=neutral, PublicKeyToken=null" name="ParserTest" />
    </UnitTest>
  </TestDefinitions>
  <TestLists>
    <TestList name="Results Not in a List" id="8c84fa94-04c1-424b-9868-57a2d4851a1d" />
    <TestList name="All Loaded Results" id="19431567-8539-422a-85d7-44ee4e166bda" />
  </TestLists>
  <TestEntries>
    <TestEntry testId="276b65ff-5570-d427-899e-bc7f1cf4ae72" executionId="01393867-47a5-404b-a52b-bf4c1d84c77f" testListId="8c84fa94-04c1-424b-9868-57a2d4851a1d" />
  </TestEntries>
  <Results>
    <UnitTestResult executionId="01393867-47a5-404b-a52b-bf4c1d84c77f" testId="276b65ff-5570-d427-899e-bc7f1cf4ae72" testName="ParserTest" computerName="ZACHGIROD8334" duration="00:01:19.5136719" startTime="2013-03-06T14:19:05.8916016-05:00" endTime="2013-03-06T14:20:25.4052735-05:00" testType="13cdc9d9-ddb5-4fa4-a97d-d965ccfc6d4b" outcome="Aborted" testListId="8c84fa94-04c1-424b-9868-57a2d4851a1d" relativeResultsDirectory="01393867-47a5-404b-a52b-bf4c1d84c77f">
    </UnitTestResult>
  </Results>
</TestRun>