<?xml version="1.0" encoding="UTF-8"?>
<TestRun id="a8427a57-aaac-4ac3-92d1-c56cadaa70ba" name="zach@ZACHGIROD8334 2013-03-06 14:30:25" runUser="ZACHGIROD8334\zach" xmlns="http://microsoft.com/schemas/VisualStudio/TeamTest/2010">
  <TestSettings name="Local" id="8f81bd0b-7145-4612-b833-92a7395bbdda">
    <Description>These are default test settings for a local test run.</Description>
    <Deployment userDeploymentRoot="C:\Code\EquationParser\TestResults" useDefaultDeploymentRoot="false" enabled="false" runDeploymentRoot="zach_ZACHGIROD8334 2013-03-06 14_30_25">
      <DeploymentItem filename="C:\Code\EquationParser\EquationParser\bin\Debug\EquationParser.dll" />
    </Deployment>
    <Execution>
      <TestTypeSpecific />
      <AgentRule name="Execution Agents">
      </AgentRule>
    </Execution>
  </TestSettings>
  <Times creation="2013-03-06T14:30:25.7958985-05:00" queuing="2013-03-06T14:30:25.8583985-05:00" start="2013-03-06T14:30:25.9833985-05:00" finish="2013-03-06T14:30:26.2958985-05:00" />
  <ResultSummary outcome="Completed">
    <Counters total="1" executed="1" passed="1" error="0" failed="0" timeout="0" aborted="0" inconclusive="0" passedButRunAborted="0" notRunnable="0" notExecuted="0" disconnected="0" warning="0" completed="0" inProgress="0" pending="0" />
  </ResultSummary>
  <TestDefinitions>
    <UnitTest name="ParserTest" storage="c:\code\equationparser\equationparser.tests\bin\debug\equationparser.tests.dll" id="276b65ff-5570-d427-899e-bc7f1cf4ae72">
      <Execution id="7c6d430f-72a8-435d-9f5b-bbf03c0cb991" />
      <TestMethod codeBase="C:/Code/EquationParser/EquationParser.Tests/bin/Debug/EquationParser.Tests.DLL" adapterTypeName="Microsoft.VisualStudio.TestTools.TestTypes.Unit.UnitTestAdapter, Microsoft.VisualStudio.QualityTools.Tips.UnitTest.Adapter, Version=10.0.0.0, Culture=neutral, PublicKeyToken=b03f5f7f11d50a3a" className="EquationParser.Tests.ParserTests, EquationParser.Tests, Version=1.0.0.0, Culture=neutral, PublicKeyToken=null" name="ParserTest" />
    </UnitTest>
  </TestDefinitions>
  <TestLists>
    <TestList name="Results Not in a List" id="8c84fa94-04c1-424b-9868-57a2d4851a1d" />
    <TestList name="All Loaded Results" id="19431567-8539-422a-85d7-44ee4e166bda" />
  </TestLists>
  <TestEntries>
    <TestEntry testId="276b65ff-5570-d427-899e-bc7f1cf4ae72" executionId="7c6d430f-72a8-435d-9f5b-bbf03c0cb991" testListId="8c84fa94-04c1-424b-9868-57a2d4851a1d" />
  </TestEntries>
  <Results>
    <UnitTestResult executionId="7c6d430f-72a8-435d-9f5b-bbf03c0cb991" testId="276b65ff-5570-d427-899e-bc7f1cf4ae72" testName="ParserTest" computerName="ZACHGIROD8334" duration="00:00:00.0143343" startTime="2013-03-06T14:30:26.0302735-05:00" endTime="2013-03-06T14:30:26.1865235-05:00" testType="13cdc9d9-ddb5-4fa4-a97d-d965ccfc6d4b" outcome="Passed" testListId="8c84fa94-04c1-424b-9868-57a2d4851a1d" relativeResultsDirectory="7c6d430f-72a8-435d-9f5b-bbf03c0cb991">
    </UnitTestResult>
  </Results>
</TestRun>